<?xml version="1.0" encoding="UTF-8"?>
<testng-results ignored="0" total="2" passed="2" failed="0" skipped="0">
  <reporter-output>
  </reporter-output>
  <suite started-at="2023-06-26T12:04:08 EDT" name="OpencartSuite" finished-at="2023-06-26T12:04:19 EDT" duration-ms="10597">
    <groups>
    </groups>
    <test started-at="2023-06-26T12:04:08 EDT" name="OpencartTest" finished-at="2023-06-26T12:04:19 EDT" duration-ms="10597">
      <class name="testCases.TC_001_AccountRegistrationTest">
        <test-method is-config="true" signature="setup(java.lang.String)[pri:0, instance:testCases.TC_001_AccountRegistrationTest@5c33f1a9]" started-at="2023-06-26T12:04:08 EDT" name="setup" finished-at="2023-06-26T12:04:14 EDT" duration-ms="5228" status="PASS">
          <params>
            <param index="0">
              <value>
                <![CDATA[chrome]]>
              </value>
            </param>
          </params>
          <reporter-output>
          </reporter-output>
        </test-method> <!-- setup -->
        <test-method signature="test_account_Registration()[pri:0, instance:testCases.TC_001_AccountRegistrationTest@5c33f1a9]" started-at="2023-06-26T12:04:14 EDT" name="test_account_Registration" finished-at="2023-06-26T12:04:15 EDT" duration-ms="1261" status="PASS">
          <reporter-output>
          </reporter-output>
        </test-method> <!-- test_account_Registration -->
        <test-method is-config="true" signature="tearDown()[pri:0, instance:testCases.TC_001_AccountRegistrationTest@5c33f1a9]" started-at="2023-06-26T12:04:15 EDT" name="tearDown" finished-at="2023-06-26T12:04:15 EDT" duration-ms="235" status="PASS">
          <reporter-output>
          </reporter-output>
        </test-method> <!-- tearDown -->
      </class> <!-- testCases.TC_001_AccountRegistrationTest -->
      <class name="testCases.TC_003_LoginTest">
        <test-method is-config="true" signature="setup(java.lang.String)[pri:0, instance:testCases.TC_003_LoginTest@6069db50]" started-at="2023-06-26T12:04:15 EDT" name="setup" finished-at="2023-06-26T12:04:18 EDT" duration-ms="2585" status="PASS">
          <params>
            <param index="0">
              <value>
                <![CDATA[chrome]]>
              </value>
            </param>
          </params>
          <reporter-output>
          </reporter-output>
        </test-method> <!-- setup -->
        <test-method signature="test_login()[pri:0, instance:testCases.TC_003_LoginTest@6069db50]" started-at="2023-06-26T12:04:18 EDT" name="test_login" finished-at="2023-06-26T12:04:18 EDT" duration-ms="798" status="PASS">
          <reporter-output>
          </reporter-output>
        </test-method> <!-- test_login -->
        <test-method is-config="true" signature="tearDown()[pri:0, instance:testCases.TC_003_LoginTest@6069db50]" started-at="2023-06-26T12:04:18 EDT" name="tearDown" finished-at="2023-06-26T12:04:19 EDT" duration-ms="211" status="PASS">
          <reporter-output>
          </reporter-output>
        </test-method> <!-- tearDown -->
      </class> <!-- testCases.TC_003_LoginTest -->
    </test> <!-- OpencartTest -->
  </suite> <!-- OpencartSuite -->
</testng-results>
