<?xml version="1.0" encoding="UTF-8"?>
<testng-results ignored="0" total="1" passed="1" failed="0" skipped="0">
  <reporter-output>
  </reporter-output>
  <suite started-at="2023-04-26T17:03:49 EDT" name="OpencartSuite" finished-at="2023-04-26T17:04:01 EDT" duration-ms="11516">
    <groups>
    </groups>
    <test started-at="2023-04-26T17:03:49 EDT" name="OpencartTest" finished-at="2023-04-26T17:04:01 EDT" duration-ms="11516">
      <class name="testCases.TC_001_AccountRegistrationTest">
        <test-method is-config="true" signature="setup(java.lang.String)[pri:0, instance:testCases.TC_001_AccountRegistrationTest@2b662a77]" started-at="2023-04-26T17:03:49 EDT" name="setup" finished-at="2023-04-26T17:03:59 EDT" duration-ms="9874" status="PASS">
          <params>
            <param index="0">
              <value>
                <![CDATA[edge]]>
              </value>
            </param>
          </params>
          <reporter-output>
          </reporter-output>
        </test-method> <!-- setup -->
        <test-method signature="test_account_Registration()[pri:0, instance:testCases.TC_001_AccountRegistrationTest@2b662a77]" started-at="2023-04-26T17:03:59 EDT" name="test_account_Registration" finished-at="2023-04-26T17:04:00 EDT" duration-ms="1133" status="PASS">
          <reporter-output>
          </reporter-output>
        </test-method> <!-- test_account_Registration -->
        <test-method is-config="true" signature="tearDown()[pri:0, instance:testCases.TC_001_AccountRegistrationTest@2b662a77]" started-at="2023-04-26T17:04:00 EDT" name="tearDown" finished-at="2023-04-26T17:04:01 EDT" duration-ms="198" status="PASS">
          <reporter-output>
          </reporter-output>
        </test-method> <!-- tearDown -->
      </class> <!-- testCases.TC_001_AccountRegistrationTest -->
    </test> <!-- OpencartTest -->
  </suite> <!-- OpencartSuite -->
</testng-results>
