<?xml version="1.0" encoding="UTF-8"?>
<testng-results ignored="0" total="2" passed="2" failed="0" skipped="0">
  <reporter-output>
  </reporter-output>
  <suite started-at="2023-05-11T11:44:19 EDT" name="OpencartSuite" finished-at="2023-05-11T11:44:29 EDT" duration-ms="10031">
    <groups>
    </groups>
    <test started-at="2023-05-11T11:44:19 EDT" name="OpencartTest" finished-at="2023-05-11T11:44:29 EDT" duration-ms="10031">
      <class name="testCases.TC_001_AccountRegistrationTest">
        <test-method is-config="true" signature="setup(java.lang.String)[pri:0, instance:testCases.TC_001_AccountRegistrationTest@5c5eefef]" started-at="2023-05-11T11:44:19 EDT" name="setup" finished-at="2023-05-11T11:44:24 EDT" duration-ms="4797" status="PASS">
          <params>
            <param index="0">
              <value>
                <![CDATA[chrome]]>
              </value>
            </param>
          </params>
          <reporter-output>
          </reporter-output>
        </test-method> <!-- setup -->
        <test-method signature="test_account_Registration()[pri:0, instance:testCases.TC_001_AccountRegistrationTest@5c5eefef]" started-at="2023-05-11T11:44:24 EDT" name="test_account_Registration" finished-at="2023-05-11T11:44:25 EDT" duration-ms="1214" status="PASS">
          <reporter-output>
          </reporter-output>
        </test-method> <!-- test_account_Registration -->
        <test-method is-config="true" signature="tearDown()[pri:0, instance:testCases.TC_001_AccountRegistrationTest@5c5eefef]" started-at="2023-05-11T11:44:25 EDT" name="tearDown" finished-at="2023-05-11T11:44:26 EDT" duration-ms="255" status="PASS">
          <reporter-output>
          </reporter-output>
        </test-method> <!-- tearDown -->
      </class> <!-- testCases.TC_001_AccountRegistrationTest -->
      <class name="testCases.TC_002_Searchproduct">
        <test-method is-config="true" signature="setup(java.lang.String)[pri:0, instance:testCases.TC_002_Searchproduct@79e2c065]" started-at="2023-05-11T11:44:26 EDT" name="setup" finished-at="2023-05-11T11:44:28 EDT" duration-ms="2662" status="PASS">
          <params>
            <param index="0">
              <value>
                <![CDATA[chrome]]>
              </value>
            </param>
          </params>
          <reporter-output>
          </reporter-output>
        </test-method> <!-- setup -->
        <test-method signature="search_product()[pri:0, instance:testCases.TC_002_Searchproduct@79e2c065]" started-at="2023-05-11T11:44:28 EDT" name="search_product" finished-at="2023-05-11T11:44:29 EDT" duration-ms="517" status="PASS">
          <reporter-output>
          </reporter-output>
        </test-method> <!-- search_product -->
        <test-method is-config="true" signature="tearDown()[pri:0, instance:testCases.TC_002_Searchproduct@79e2c065]" started-at="2023-05-11T11:44:29 EDT" name="tearDown" finished-at="2023-05-11T11:44:29 EDT" duration-ms="252" status="PASS">
          <reporter-output>
          </reporter-output>
        </test-method> <!-- tearDown -->
      </class> <!-- testCases.TC_002_Searchproduct -->
    </test> <!-- OpencartTest -->
  </suite> <!-- OpencartSuite -->
</testng-results>
