<?xml version="1.0" encoding="UTF-8"?>
<testng-results ignored="0" total="1" passed="1" failed="0" skipped="0">
  <reporter-output>
  </reporter-output>
  <suite started-at="2023-04-13T09:37:20 EDT" name="OpencartSuite" finished-at="2023-04-13T09:37:30 EDT" duration-ms="9865">
    <groups>
    </groups>
    <test started-at="2023-04-13T09:37:20 EDT" name="OpencartTest" finished-at="2023-04-13T09:37:30 EDT" duration-ms="9865">
      <class name="testCases.TC_001_AccountRegistrationTest">
        <test-method is-config="true" signature="setup(java.lang.String)[pri:0, instance:testCases.TC_001_AccountRegistrationTest@6ae5aa72]" started-at="2023-04-13T09:37:21 EDT" name="setup" finished-at="2023-04-13T09:37:28 EDT" duration-ms="7175" status="PASS">
          <params>
            <param index="0">
              <value>
                <![CDATA[edge]]>
              </value>
            </param>
          </params>
          <reporter-output>
          </reporter-output>
        </test-method> <!-- setup -->
        <test-method signature="test_account_Registration()[pri:0, instance:testCases.TC_001_AccountRegistrationTest@6ae5aa72]" started-at="2023-04-13T09:37:28 EDT" name="test_account_Registration" finished-at="2023-04-13T09:37:30 EDT" duration-ms="1953" status="PASS">
          <reporter-output>
          </reporter-output>
        </test-method> <!-- test_account_Registration -->
        <test-method is-config="true" signature="tearDown()[pri:0, instance:testCases.TC_001_AccountRegistrationTest@6ae5aa72]" started-at="2023-04-13T09:37:30 EDT" name="tearDown" finished-at="2023-04-13T09:37:30 EDT" duration-ms="243" status="PASS">
          <reporter-output>
          </reporter-output>
        </test-method> <!-- tearDown -->
      </class> <!-- testCases.TC_001_AccountRegistrationTest -->
    </test> <!-- OpencartTest -->
  </suite> <!-- OpencartSuite -->
</testng-results>
