<?xml version="1.0" encoding="UTF-8"?>
<!-- Generated by org.testng.reporters.JUnitXMLReporter -->
<testsuite ignored="0" hostname="shiva8125" failures="1" tests="1" name="OpencartTest" time="6.122" errors="0" timestamp="2023-06-23T16:29:14 EDT">
  <testcase classname="testCases.TC_004_LoginDataDrivenTest" name="test_LoginDDT" time="1.164">
    <failure type="org.testng.internal.reflect.MethodMatcherException" message="
[public void testCases.TC_004_LoginDataDrivenTest.test_LoginDDT(java.lang.String,java.lang.String)] has no parameters defined but was found to be using a data provider (either explicitly specified or inherited from class level annotation).
Data provider mismatch
Method: test_LoginDDT([Parameter{index=0, type=java.lang.String, declaredAnnotations=[]}, Parameter{index=1, type=java.lang.String, declaredAnnotations=[]}])
Arguments: [(java.lang.String) srf2222@gmail.com,(java.lang.String) ,(java.lang.String) shiva123,(java.lang.String) valid]">
      <![CDATA[org.testng.internal.reflect.MethodMatcherException: 
[public void testCases.TC_004_LoginDataDrivenTest.test_LoginDDT(java.lang.String,java.lang.String)] has no parameters defined but was found to be using a data provider (either explicitly specified or inherited from class level annotation).
Data provider mismatch
Method: test_LoginDDT([Parameter{index=0, type=java.lang.String, declaredAnnotations=[]}, Parameter{index=1, type=java.lang.String, declaredAnnotations=[]}])
Arguments: [(java.lang.String) srf2222@gmail.com,(java.lang.String) ,(java.lang.String) shiva123,(java.lang.String) valid]
at java.base/java.util.ArrayList.forEach(ArrayList.java:1511)
... Removed 22 stack frames]]>
    </failure>
  </testcase> <!-- test_LoginDDT -->
</testsuite> <!-- OpencartTest -->
